21:39:42.408 [TestNG-tests-3] DEBUG freemarker.cache - "spark/macros/log.ftl"("en_US", UTF-8, parsed) cached copy not yet stale; using cached.
21:39:42.413 [TestNG-tests-3] DEBUG freemarker.cache - "spark/macros/recurse_nodes.ftl"("en_US", UTF-8, parsed) cached copy not yet stale; using cached.
21:39:42.413 [TestNG-tests-3] DEBUG freemarker.cache - "spark/macros/log.ftl"("en_US", UTF-8, parsed) cached copy not yet stale; using cached.
21:39:42.414 [TestNG-tests-3] DEBUG freemarker.cache - "spark/macros/attr-common.ftl"("en_US", UTF-8, parsed) cached copy not yet stale; using cached.
21:39:42.414 [TestNG-tests-3] DEBUG freemarker.cache - "spark/partials/head.ftl"("en_US", UTF-8, parsed) cached copy not yet stale; using cached.
21:39:42.415 [TestNG-tests-3] DEBUG freemarker.cache - "commons/commons-inject-css.ftl"("en_US", UTF-8, parsed) cached copy not yet stale; using cached.
21:39:42.415 [TestNG-tests-3] DEBUG freemarker.cache - "spark/partials/navbar.ftl"("en_US", UTF-8, parsed) cached copy not yet stale; using cached.
21:39:42.416 [TestNG-tests-3] DEBUG freemarker.cache - "spark/partials/sidenav.ftl"("en_US", UTF-8, parsed) cached copy not yet stale; using cached.
21:39:42.428 [TestNG-tests-3] DEBUG freemarker.cache - "spark/partials/test.ftl"("en_US", UTF-8, parsed) cached copy not yet stale; using cached.
21:39:42.437 [TestNG-tests-3] DEBUG freemarker.cache - "spark/partials/standard-content.ftl"("en_US", UTF-8, parsed) cached copy not yet stale; using cached.
21:39:42.444 [TestNG-tests-3] DEBUG freemarker.cache - "spark/partials/standard-content.ftl"("en_US", UTF-8, parsed) cached copy not yet stale; using cached.
21:39:42.449 [TestNG-tests-3] DEBUG freemarker.cache - "spark/partials/standard-content.ftl"("en_US", UTF-8, parsed) cached copy not yet stale; using cached.
21:39:42.449 [TestNG-tests-3] DEBUG freemarker.cache - "spark/partials/exception.ftl"("en_US", UTF-8, parsed) cached copy not yet stale; using cached.
21:39:42.450 [TestNG-tests-3] DEBUG freemarker.cache - "spark/partials/category.ftl"("en_US", UTF-8, parsed) cached copy not yet stale; using cached.
21:39:42.450 [TestNG-tests-3] DEBUG freemarker.cache - "spark/partials/device.ftl"("en_US", UTF-8, parsed) cached copy not yet stale; using cached.
21:39:42.450 [TestNG-tests-3] DEBUG freemarker.cache - "spark/partials/author.ftl"("en_US", UTF-8, parsed) cached copy not yet stale; using cached.
21:39:42.450 [TestNG-tests-3] DEBUG freemarker.cache - "spark/partials/log.ftl"("en_US", UTF-8, parsed) cached copy not yet stale; using cached.
21:39:42.450 [TestNG-tests-3] DEBUG freemarker.cache - "spark/partials/dashboard.ftl"("en_US", UTF-8, parsed) cached copy not yet stale; using cached.
21:39:42.454 [TestNG-tests-3] DEBUG freemarker.cache - "spark/partials/scripts.ftl"("en_US", UTF-8, parsed) cached copy not yet stale; using cached.
21:39:42.455 [TestNG-tests-3] DEBUG freemarker.cache - "commons/commons-inject-js.ftl"("en_US", UTF-8, parsed) cached copy not yet stale; using cached.
