21:39:40.495 [TestNG-tests-1] DEBUG freemarker.cache - Couldn't find template in cache for "spark/partials/scripts.ftl"("en_US", UTF-8, parsed); will try to load it.
21:39:40.495 [TestNG-tests-2] DEBUG freemarker.cache - Couldn't find template in cache for "spark/partials/scripts.ftl"("en_US", UTF-8, parsed); will try to load it.
21:39:40.500 [TestNG-tests-2] DEBUG freemarker.cache - TemplateLoader.findTemplateSource("spark/partials/scripts_en_US.ftl"): Not found
21:39:40.500 [TestNG-tests-1] DEBUG freemarker.cache - TemplateLoader.findTemplateSource("spark/partials/scripts_en_US.ftl"): Not found
21:39:40.501 [TestNG-tests-2] DEBUG freemarker.cache - TemplateLoader.findTemplateSource("spark/partials/scripts_en.ftl"): Not found
21:39:40.501 [TestNG-tests-1] DEBUG freemarker.cache - TemplateLoader.findTemplateSource("spark/partials/scripts_en.ftl"): Not found
21:39:40.501 [TestNG-tests-1] DEBUG freemarker.cache - TemplateLoader.findTemplateSource("spark/partials/scripts.ftl"): Found
21:39:40.501 [TestNG-tests-2] DEBUG freemarker.cache - TemplateLoader.findTemplateSource("spark/partials/scripts.ftl"): Found
21:39:40.502 [TestNG-tests-1] DEBUG freemarker.cache - Loading template for "spark/partials/scripts.ftl"("en_US", UTF-8, parsed) from "jar:file:/Users/mohammadali/.m2/repository/com/aventstack/extentreports/5.0.9/extentreports-5.0.9.jar!/com/aventstack/extentreports/templates/spark/partials/scripts.ftl"
21:39:40.502 [TestNG-tests-2] DEBUG freemarker.cache - Loading template for "spark/partials/scripts.ftl"("en_US", UTF-8, parsed) from "jar:file:/Users/mohammadali/.m2/repository/com/aventstack/extentreports/5.0.9/extentreports-5.0.9.jar!/com/aventstack/extentreports/templates/spark/partials/scripts.ftl"
21:39:40.511 [TestNG-tests-2] DEBUG freemarker.cache - Couldn't find template in cache for "commons/commons-inject-js.ftl"("en_US", UTF-8, parsed); will try to load it.
21:39:40.511 [TestNG-tests-1] DEBUG freemarker.cache - Couldn't find template in cache for "commons/commons-inject-js.ftl"("en_US", UTF-8, parsed); will try to load it.
21:39:40.511 [TestNG-tests-2] DEBUG freemarker.cache - TemplateLoader.findTemplateSource("commons/commons-inject-js_en_US.ftl"): Not found
21:39:40.511 [TestNG-tests-1] DEBUG freemarker.cache - TemplateLoader.findTemplateSource("commons/commons-inject-js_en_US.ftl"): Not found
21:39:40.512 [TestNG-tests-2] DEBUG freemarker.cache - TemplateLoader.findTemplateSource("commons/commons-inject-js_en.ftl"): Not found
21:39:40.512 [TestNG-tests-1] DEBUG freemarker.cache - TemplateLoader.findTemplateSource("commons/commons-inject-js_en.ftl"): Not found
21:39:40.512 [TestNG-tests-1] DEBUG freemarker.cache - TemplateLoader.findTemplateSource("commons/commons-inject-js.ftl"): Found
21:39:40.512 [TestNG-tests-2] DEBUG freemarker.cache - TemplateLoader.findTemplateSource("commons/commons-inject-js.ftl"): Found
21:39:40.512 [TestNG-tests-1] DEBUG freemarker.cache - Loading template for "commons/commons-inject-js.ftl"("en_US", UTF-8, parsed) from "jar:file:/Users/mohammadali/.m2/repository/com/aventstack/extentreports/5.0.9/extentreports-5.0.9.jar!/com/aventstack/extentreports/templates/commons/commons-inject-js.ftl"
21:39:40.512 [TestNG-tests-2] DEBUG freemarker.cache - Loading template for "commons/commons-inject-js.ftl"("en_US", UTF-8, parsed) from "jar:file:/Users/mohammadali/.m2/repository/com/aventstack/extentreports/5.0.9/extentreports-5.0.9.jar!/com/aventstack/extentreports/templates/commons/commons-inject-js.ftl"
21:39:42.262 [TestNG-tests-3] INFO  resources.basic - login succesfull
21:39:42.400 [TestNG-tests-3] DEBUG freemarker.cache - "spark/spark.spa.ftl"("en_US", UTF-8, parsed) cached copy not yet stale; using cached.
21:39:42.401 [TestNG-tests-3] DEBUG freemarker.cache - "commons/commons-variables.ftl"("en_US", UTF-8, parsed) cached copy not yet stale; using cached.
21:39:42.408 [TestNG-tests-3] DEBUG freemarker.cache - "commons/commons-macros.ftl"("en_US", UTF-8, parsed) cached copy not yet stale; using cached.
21:39:42.408 [TestNG-tests-3] DEBUG freemarker.cache - "spark/macros/attributes.ftl"("en_US", UTF-8, parsed) cached copy not yet stale; using cached.
